<?xml version="1.0" encoding="UTF-8"?>
<testng-results skipped="0" failed="0" ignored="0" total="1" passed="1">
  <reporter-output>
  </reporter-output>
  <suite name="Default suite" duration-ms="24564" started-at="2018-10-10T20:42:02Z" finished-at="2018-10-10T20:42:27Z">
    <groups>
    </groups>
    <test name="Default test" duration-ms="24564" started-at="2018-10-10T20:42:02Z" finished-at="2018-10-10T20:42:27Z">
      <class name="Informatorio.testing.App">
        <test-method status="PASS" signature="Setup()[pri:0, instance:Informatorio.testing.App@15c43bd9]" name="Setup" is-config="true" duration-ms="4207" started-at="2018-10-10T17:42:02Z" finished-at="2018-10-10T17:42:06Z">
          <reporter-output>
          </reporter-output>
        </test-method> <!-- Setup -->
        <test-method status="PASS" signature="Test()[pri:0, instance:Informatorio.testing.App@15c43bd9]" name="Test" duration-ms="20303" started-at="2018-10-10T17:42:06Z" finished-at="2018-10-10T17:42:27Z">
          <reporter-output>
          </reporter-output>
        </test-method> <!-- Test -->
        <test-method status="PASS" signature="CloseUp()[pri:0, instance:Informatorio.testing.App@15c43bd9]" name="CloseUp" is-config="true" duration-ms="12" started-at="2018-10-10T17:42:27Z" finished-at="2018-10-10T17:42:27Z">
          <reporter-output>
          </reporter-output>
        </test-method> <!-- CloseUp -->
      </class> <!-- Informatorio.testing.App -->
    </test> <!-- Default test -->
  </suite> <!-- Default suite -->
</testng-results>
